0 info it worked if it ends with ok
1 verbose cli [ '/usr/local/bin/node', '/usr/local/bin/npm', 'run', 'server' ]
2 info using npm@3.3.12
3 info using node@v5.1.0
4 verbose run-script [ 'preserver', 'server', 'postserver' ]
5 info lifecycle livedota@1.0.0~preserver: livedota@1.0.0
6 silly lifecycle livedota@1.0.0~preserver: no script for preserver, continuing
7 info lifecycle livedota@1.0.0~server: livedota@1.0.0
8 verbose lifecycle livedota@1.0.0~server: unsafe-perm in lifecycle true
9 verbose lifecycle livedota@1.0.0~server: PATH: /usr/local/lib/node_modules/npm/bin/node-gyp-bin:/Users/Jackson/work/web/LiveDota/node_modules/.bin:/Users/Jackson/bin:/usr/local/bin:/usr/bin:/bin:/usr/sbin:/sbin:/Users/Jackson/work/android/android-sdk-macosx/tools:/Users/Jackson/work/android/android-sdk-macosx/platform-tools:/usr/local/mysql/bin
10 verbose lifecycle livedota@1.0.0~server: CWD: /Users/Jackson/work/web/LiveDota
11 silly lifecycle livedota@1.0.0~server: Args: [ '-c', 'node server-build/server.js ' ]
12 silly lifecycle livedota@1.0.0~server: Returned: code: 1  signal: null
13 info lifecycle livedota@1.0.0~server: Failed to exec server script
14 verbose stack Error: livedota@1.0.0 server: `node server-build/server.js `
14 verbose stack Exit status 1
14 verbose stack     at EventEmitter.<anonymous> (/usr/local/lib/node_modules/npm/lib/utils/lifecycle.js:232:16)
14 verbose stack     at emitTwo (events.js:87:13)
14 verbose stack     at EventEmitter.emit (events.js:172:7)
14 verbose stack     at ChildProcess.<anonymous> (/usr/local/lib/node_modules/npm/lib/utils/spawn.js:24:14)
14 verbose stack     at emitTwo (events.js:87:13)
14 verbose stack     at ChildProcess.emit (events.js:172:7)
14 verbose stack     at maybeClose (internal/child_process.js:818:16)
14 verbose stack     at Process.ChildProcess._handle.onexit (internal/child_process.js:211:5)
15 verbose pkgid livedota@1.0.0
16 verbose cwd /Users/Jackson/work/web/LiveDota
17 error Darwin 15.6.0
18 error argv "/usr/local/bin/node" "/usr/local/bin/npm" "run" "server"
19 error node v5.1.0
20 error npm  v3.3.12
21 error code ELIFECYCLE
22 error livedota@1.0.0 server: `node server-build/server.js `
22 error Exit status 1
23 error Failed at the livedota@1.0.0 server script 'node server-build/server.js '.
23 error Make sure you have the latest version of node.js and npm installed.
23 error If you do, this is most likely a problem with the livedota package,
23 error not with npm itself.
23 error Tell the author that this fails on your system:
23 error     node server-build/server.js
23 error You can get their info via:
23 error     npm owner ls livedota
23 error There is likely additional logging output above.
24 verbose exit [ 1, true ]
